  Main.c
F:\Projects\Raycaster\Main.c(30,15): warning C4244: 'function': conversion from 'float' to 'GLint', possible loss of data
F:\Projects\Raycaster\Main.c(30,19): warning C4244: 'function': conversion from 'float' to 'GLint', possible loss of data
F:\Projects\Raycaster\Main.c(36,15): warning C4244: 'function': conversion from 'float' to 'GLint', possible loss of data
F:\Projects\Raycaster\Main.c(36,19): warning C4244: 'function': conversion from 'float' to 'GLint', possible loss of data
F:\Projects\Raycaster\Main.c(37,25): warning C4244: 'function': conversion from 'float' to 'GLint', possible loss of data
F:\Projects\Raycaster\Main.c(37,39): warning C4244: 'function': conversion from 'float' to 'GLint', possible loss of data
F:\Projects\Raycaster\Main.c(70,62): warning C4244: 'return': conversion from 'double' to 'float', possible loss of data
F:\Projects\Raycaster\Main.c(77,19): warning C4244: '=': conversion from 'double' to 'float', possible loss of data
F:\Projects\Raycaster\Main.c(78,28): warning C4305: '+=': truncation from 'double' to 'float'
F:\Projects\Raycaster\Main.c(79,33): warning C4305: '-=': truncation from 'double' to 'float'
F:\Projects\Raycaster\Main.c(88,39): warning C4244: '=': conversion from 'double' to 'float', possible loss of data
F:\Projects\Raycaster\Main.c(95,35): warning C4244: '=': conversion from 'int' to 'float', possible loss of data
F:\Projects\Raycaster\Main.c(134,39): warning C4244: '=': conversion from 'double' to 'float', possible loss of data
F:\Projects\Raycaster\Main.c(141,35): warning C4244: '=': conversion from 'int' to 'float', possible loss of data
F:\Projects\Raycaster\Main.c(177,17): warning C4305: 'function': truncation from 'double' to 'GLfloat'
F:\Projects\Raycaster\Main.c(180,24): warning C4305: 'function': truncation from 'double' to 'GLfloat'
F:\Projects\Raycaster\Main.c(188,17): warning C4305: 'function': truncation from 'double' to 'GLfloat'
F:\Projects\Raycaster\Main.c(191,24): warning C4305: 'function': truncation from 'double' to 'GLfloat'
F:\Projects\Raycaster\Main.c(196,16): warning C4244: 'function': conversion from 'float' to 'GLint', possible loss of data
F:\Projects\Raycaster\Main.c(196,20): warning C4244: 'function': conversion from 'float' to 'GLint', possible loss of data
F:\Projects\Raycaster\Main.c(197,16): warning C4244: 'function': conversion from 'float' to 'GLint', possible loss of data
F:\Projects\Raycaster\Main.c(197,20): warning C4244: 'function': conversion from 'float' to 'GLint', possible loss of data
F:\Projects\Raycaster\Main.c(201,29): warning C4305: '+=': truncation from 'double' to 'float'
F:\Projects\Raycaster\Main.c(202,34): warning C4305: '-=': truncation from 'double' to 'float'
F:\Projects\Raycaster\Main.c(203,24): warning C4244: '=': conversion from 'double' to 'float', possible loss of data
F:\Projects\Raycaster\Main.c(209,32): warning C4244: 'function': conversion from 'float' to 'GLint', possible loss of data
F:\Projects\Raycaster\Main.c(210,40): warning C4244: 'function': conversion from 'float' to 'GLint', possible loss of data
F:\Projects\Raycaster\Main.c(213,11): warning C4305: '+=': truncation from 'double' to 'float'
F:\Projects\Raycaster\Main.c(214,29): warning C4305: '+=': truncation from 'double' to 'float'
F:\Projects\Raycaster\Main.c(215,34): warning C4305: '-=': truncation from 'double' to 'float'
F:\Projects\Raycaster\Main.c(85,1): warning C4244: 'initializing': conversion from 'double' to 'float', possible loss of data
F:\Projects\Raycaster\Main.c(131,1): warning C4244: 'initializing': conversion from 'double' to 'float', possible loss of data
F:\Projects\Raycaster\Main.c(230,29): warning C4305: '-=': truncation from 'double' to 'float'
F:\Projects\Raycaster\Main.c(230,57): warning C4305: '+=': truncation from 'double' to 'float'
F:\Projects\Raycaster\Main.c(230,78): warning C4244: '=': conversion from 'double' to 'float', possible loss of data
F:\Projects\Raycaster\Main.c(230,97): warning C4244: '=': conversion from 'double' to 'float', possible loss of data
F:\Projects\Raycaster\Main.c(231,29): warning C4305: '+=': truncation from 'double' to 'float'
F:\Projects\Raycaster\Main.c(231,62): warning C4305: '-=': truncation from 'double' to 'float'
F:\Projects\Raycaster\Main.c(231,83): warning C4244: '=': conversion from 'double' to 'float', possible loss of data
F:\Projects\Raycaster\Main.c(231,102): warning C4244: '=': conversion from 'double' to 'float', possible loss of data
F:\Projects\Raycaster\Main.c(239,18): warning C4305: 'function': truncation from 'double' to 'GLclampf'
F:\Projects\Raycaster\Main.c(239,23): warning C4305: 'function': truncation from 'double' to 'GLclampf'
F:\Projects\Raycaster\Main.c(239,28): warning C4305: 'function': truncation from 'double' to 'GLclampf'
F:\Projects\Raycaster\Main.c(243,19): warning C4244: '=': conversion from 'double' to 'float', possible loss of data
F:\Projects\Raycaster\Main.c(244,19): warning C4244: '=': conversion from 'double' to 'float', possible loss of data
F:\Projects\Raycaster\Main.c(254,25): warning C4113: 'void (__cdecl *)()' differs in parameter lists from 'void (__cdecl *)(void)'
  Raycaster.vcxproj -> F:\Projects\Raycaster\Debug\Raycaster.exe
